#
# There is insufficient memory for the Java Runtime Environment to continue.
# Native memory allocation (malloc) failed to allocate 1048576 bytes. Error detail: AllocateHeap
# Possible reasons:
#   The system is out of physical RAM or swap space
#   This process is running with CompressedOops enabled, and the Java Heap may be blocking the growth of the native heap
# Possible solutions:
#   Reduce memory load on the system
#   Increase physical memory or swap space
#   Check if swap backing store is full
#   Decrease Java heap size (-Xmx/-Xms)
#   Decrease number of Java threads
#   Decrease Java thread stack sizes (-Xss)
#   Set larger code cache with -XX:ReservedCodeCacheSize=
#   JVM is running with Unscaled Compressed Oops mode in which the Java heap is
#     placed in the first 4GB address space. The Java Heap base address is the
#     maximum limit for the native heap growth. Please use -XX:HeapBaseMinAddress
#     to set the Java Heap base and to place the Java Heap above 4GB virtual address.
# This output file may be truncated or incomplete.
#
#  Out of Memory Error (allocation.cpp:44), pid=46480, tid=42748
#
# JRE version: OpenJDK Runtime Environment Temurin-17.0.11+9 (17.0.11+9) (build 17.0.11+9)
# Java VM: OpenJDK 64-Bit Server VM Temurin-17.0.11+9 (17.0.11+9, mixed mode, emulated-client, tiered, compressed oops, compressed class ptrs, g1 gc, windows-amd64)
# No core dump will be written. Minidumps are not enabled by default on client versions of Windows
#

---------------  S U M M A R Y ------------

Command Line: -Xmx1024m -Dsts.lsp.client=vscode -Dsts.log.file=/dev/null -XX:TieredStopAtLevel=1 -Xlog:jni+resolve=off -Dspring.config.location=file:c:\Users\German Velasco\.vscode\extensions\vmware.vscode-spring-boot-1.56.0\language-server\BOOT-INF\classes\application.properties org.springframework.ide.vscode.boot.app.BootLanguageServerBootApp

Host: Intel(R) Core(TM) i5-10300H CPU @ 2.50GHz, 8 cores, 7G,  Windows 11 , 64 bit Build 22621 (10.0.22621.3672)
Time: Thu Aug  8 12:12:12 2024 Hora est. Pacífico, Sudamérica elapsed time: 49.628557 seconds (0d 0h 0m 49s)

---------------  T H R E A D  ---------------

Current thread (0x0000026b66915d20):  VMThread "VM Thread" [stack: 0x000000e7a2800000,0x000000e7a2900000] [id=42748]

Stack: [0x000000e7a2800000,0x000000e7a2900000]
Native frames: (J=compiled Java code, j=interpreted, Vv=VM code, C=native code)
V  [jvm.dll+0x67d429]
V  [jvm.dll+0x834b7a]
V  [jvm.dll+0x83663e]
V  [jvm.dll+0x836ca3]
V  [jvm.dll+0x247dbf]
V  [jvm.dll+0xa6cb3]
V  [jvm.dll+0x2f8ad3]
V  [jvm.dll+0x2f4750]
V  [jvm.dll+0x2dcf67]
V  [jvm.dll+0x31fb67]
V  [jvm.dll+0x83b19b]
V  [jvm.dll+0x83bed2]
V  [jvm.dll+0x83c3ed]
V  [jvm.dll+0x83c7c4]
V  [jvm.dll+0x83c890]
V  [jvm.dll+0x7e410a]
V  [jvm.dll+0x67c315]
C  [ucrtbase.dll+0x29333]
C  [KERNEL32.DLL+0x1257d]
C  [ntdll.dll+0x5af28]

VM_Operation (0x000000e7a40ff110): G1CollectFull, mode: safepoint, requested by thread 0x0000026b6c3c7020


---------------  P R O C E S S  ---------------

Threads class SMR info:
_java_thread_list=0x0000026b6c57f7e0, length=27, elements={
0x0000026b668fc880, 0x0000026b66900630, 0x0000026b66a9c0b0, 0x0000026b66a9e6a0,
0x0000026b66a9ef70, 0x0000026b66a9f840, 0x0000026b66aa01c0, 0x0000026b66aa30f0,
0x0000026b66cc6300, 0x0000026b66ccc840, 0x0000026b6c4596a0, 0x0000026b6c3c7020,
0x0000026b6c1543e0, 0x0000026b59aea220, 0x0000026b6c1d5360, 0x0000026b6c5aecd0,
0x0000026b6c5d1550, 0x0000026b6c5d8920, 0x0000026b6c5d7190, 0x0000026b6c5d6770,
0x0000026b6c5d6c80, 0x0000026b6c5d5d50, 0x0000026b6c5d6260, 0x0000026b6c5d5840,
0x0000026b6c5eee00, 0x0000026b6c5ec580, 0x0000026b6c5eac30
}

Java Threads: ( => current thread )
  0x0000026b668fc880 JavaThread "Reference Handler" daemon [_thread_blocked, id=42868, stack(0x000000e7a2900000,0x000000e7a2a00000)]
  0x0000026b66900630 JavaThread "Finalizer" daemon [_thread_blocked, id=42372, stack(0x000000e7a2a00000,0x000000e7a2b00000)]
  0x0000026b66a9c0b0 JavaThread "Signal Dispatcher" daemon [_thread_blocked, id=1264, stack(0x000000e7a2b00000,0x000000e7a2c00000)]
  0x0000026b66a9e6a0 JavaThread "Attach Listener" daemon [_thread_blocked, id=42516, stack(0x000000e7a2c00000,0x000000e7a2d00000)]
  0x0000026b66a9ef70 JavaThread "Service Thread" daemon [_thread_blocked, id=47972, stack(0x000000e7a2d00000,0x000000e7a2e00000)]
  0x0000026b66a9f840 JavaThread "Monitor Deflation Thread" daemon [_thread_blocked, id=47964, stack(0x000000e7a2e00000,0x000000e7a2f00000)]
  0x0000026b66aa01c0 JavaThread "C1 CompilerThread0" daemon [_thread_blocked, id=10020, stack(0x000000e7a2f00000,0x000000e7a3000000)]
  0x0000026b66aa30f0 JavaThread "Sweeper thread" daemon [_thread_blocked, id=40604, stack(0x000000e7a3000000,0x000000e7a3100000)]
  0x0000026b66cc6300 JavaThread "Notification Thread" daemon [_thread_blocked, id=47608, stack(0x000000e7a3300000,0x000000e7a3400000)]
  0x0000026b66ccc840 JavaThread "Common-Cleaner" daemon [_thread_blocked, id=45736, stack(0x000000e7a3500000,0x000000e7a3600000)]
  0x0000026b6c4596a0 JavaThread "boundedElastic-evictor-1" daemon [_thread_blocked, id=38940, stack(0x000000e7a3c00000,0x000000e7a3d00000)]
  0x0000026b6c3c7020 JavaThread "pool-13-thread-1" [_thread_blocked, id=38160, stack(0x000000e7a4000000,0x000000e7a4100000)]
  0x0000026b6c1543e0 JavaThread "LanguageServerApp-lifecycle" [_thread_blocked, id=47428, stack(0x000000e7a4100000,0x000000e7a4200000)]
  0x0000026b59aea220 JavaThread "DestroyJavaVM" [_thread_blocked, id=45184, stack(0x000000e7a2200000,0x000000e7a2300000)]
  0x0000026b6c1d5360 JavaThread "pool-14-thread-1" [_thread_in_native, id=42440, stack(0x000000e7a4200000,0x000000e7a4300000)]
  0x0000026b6c5aecd0 JavaThread "Simple-Language-Server main thread" daemon [_thread_blocked, id=47580, stack(0x000000e7a4300000,0x000000e7a4400000)]
  0x0000026b6c5d1550 JavaThread "pool-8-thread-1" [_thread_blocked, id=37044, stack(0x000000e7a4400000,0x000000e7a4500000)]
  0x0000026b6c5d8920 JavaThread "parallel-1" daemon [_thread_blocked, id=40204, stack(0x000000e7a4500000,0x000000e7a4600000)]
  0x0000026b6c5d7190 JavaThread "parallel-2" daemon [_thread_blocked, id=22032, stack(0x000000e7a4600000,0x000000e7a4700000)]
  0x0000026b6c5d6770 JavaThread "parallel-3" daemon [_thread_blocked, id=25944, stack(0x000000e7a4700000,0x000000e7a4800000)]
  0x0000026b6c5d6c80 JavaThread "parallel-4" daemon [_thread_blocked, id=47496, stack(0x000000e7a4800000,0x000000e7a4900000)]
  0x0000026b6c5d5d50 JavaThread "pool-6-thread-1" [_thread_blocked, id=47500, stack(0x000000e7a4900000,0x000000e7a4a00000)]
  0x0000026b6c5d6260 JavaThread "parallel-5" daemon [_thread_blocked, id=32668, stack(0x000000e7a4a00000,0x000000e7a4b00000)]
  0x0000026b6c5d5840 JavaThread "parallel-6" daemon [_thread_blocked, id=27440, stack(0x000000e7a4b00000,0x000000e7a4c00000)]
  0x0000026b6c5eee00 JavaThread "parallel-7" daemon [_thread_blocked, id=47484, stack(0x000000e7a4c00000,0x000000e7a4d00000)]
  0x0000026b6c5ec580 JavaThread "parallel-8" daemon [_thread_blocked, id=47492, stack(0x000000e7a4d00000,0x000000e7a4e00000)]
  0x0000026b6c5eac30 JavaThread "Reconciler-1" daemon [_thread_blocked, id=47328, stack(0x000000e7a4e00000,0x000000e7a4f00000)]

Other Threads:
=>0x0000026b66915d20 VMThread "VM Thread" [stack: 0x000000e7a2800000,0x000000e7a2900000] [id=42748]
  0x0000026b66cc67e0 WatcherThread [stack: 0x000000e7a3400000,0x000000e7a3500000] [id=19604]
  0x0000026b59b26750 GCTaskThread "GC Thread#0" [stack: 0x000000e7a2300000,0x000000e7a2400000] [id=42244]
  0x0000026b6b89ac30 GCTaskThread "GC Thread#1" [stack: 0x000000e7a3600000,0x000000e7a3700000] [id=47944]
  0x0000026b6b7fd8c0 GCTaskThread "GC Thread#2" [stack: 0x000000e7a3700000,0x000000e7a3800000] [id=43892]
  0x0000026b6b8b1240 GCTaskThread "GC Thread#3" [stack: 0x000000e7a3800000,0x000000e7a3900000] [id=20360]
  0x0000026b6ba9d870 GCTaskThread "GC Thread#4" [stack: 0x000000e7a3900000,0x000000e7a3a00000] [id=47592]
  0x0000026b6ba9eb40 GCTaskThread "GC Thread#5" [stack: 0x000000e7a3a00000,0x000000e7a3b00000] [id=48436]
  0x0000026b6bce4990 GCTaskThread "GC Thread#6" [stack: 0x000000e7a3d00000,0x000000e7a3e00000] [id=29424]
  0x0000026b6bdfe9f0 GCTaskThread "GC Thread#7" [stack: 0x000000e7a3e00000,0x000000e7a3f00000] [id=38028]
  0x0000026b59b2f5b0 ConcurrentGCThread "G1 Main Marker" [stack: 0x000000e7a2400000,0x000000e7a2500000] [id=48972]
  0x0000026b59b2fee0 ConcurrentGCThread "G1 Conc#0" [stack: 0x000000e7a2500000,0x000000e7a2600000] [id=10832]
  0x0000026b6bdfecb0 ConcurrentGCThread "G1 Conc#1" [stack: 0x000000e7a3f00000,0x000000e7a4000000] [id=7324]
  0x0000026b667820d0 ConcurrentGCThread "G1 Refine#0" [stack: 0x000000e7a2600000,0x000000e7a2700000] [id=41484]
  0x0000026b66782a10 ConcurrentGCThread "G1 Service" [stack: 0x000000e7a2700000,0x000000e7a2800000] [id=40844]

Threads with active compile tasks:

VM state: at safepoint (normal execution)

VM Mutex/Monitor currently owned by a thread:  ([mutex/lock_event])
[0x0000026b597efe80] Threads_lock - owner thread: 0x0000026b66915d20
[0x0000026b59ae87b0] Heap_lock - owner thread: 0x0000026b6c3c7020

Heap address: 0x00000000c0000000, size: 1024 MB, Compressed Oops mode: 32-bit

CDS archive(s) not mapped
Compressed class space mapped at: 0x0000000100000000-0x0000000140000000, reserved size: 1073741824
Narrow klass base: 0x0000000000000000, Narrow klass shift: 3, Narrow klass range: 0x140000000

GC Precious Log:
 CPUs: 8 total, 8 available
 Memory: 7968M
 Large Page Support: Disabled
 NUMA Support: Disabled
 Compressed Oops: Enabled (32-bit)
 Heap Region Size: 1M
 Heap Min Capacity: 8M
 Heap Initial Capacity: 126M
 Heap Max Capacity: 1G
 Pre-touch: Disabled
 Parallel Workers: 8
 Concurrent Workers: 2
 Concurrent Refinement Workers: 8
 Periodic GC: Disabled

Heap:
 garbage-first heap   total 86016K, used 42375K [0x00000000c0000000, 0x0000000100000000)
  region size 1024K, 17 young (17408K), 4 survivors (4096K)
 Metaspace       used 41028K, committed 41472K, reserved 1114112K
  class space    used 5241K, committed 5440K, reserved 1048576K

Heap Regions: E=young(eden), S=young(survivor), O=old, HS=humongous(starts), HC=humongous(continues), CS=collection set, F=free, OA=open archive, CA=closed archive, TAMS=top-at-mark-start (previous, next)
|   0|0x00000000c0000000, 0x00000000c0100000, 0x00000000c0100000|100%|HS|  |TAMS 0x00000000c0100000, 0x00000000c0000000| Complete 
|   1|0x00000000c0100000, 0x00000000c0200000, 0x00000000c0200000|100%|HC|  |TAMS 0x00000000c0200000, 0x00000000c0100000| Complete 
|   2|0x00000000c0200000, 0x00000000c0300000, 0x00000000c0300000|100%|HC|  |TAMS 0x00000000c0300000, 0x00000000c0200000| Complete 
|   3|0x00000000c0300000, 0x00000000c0400000, 0x00000000c0400000|100%|HC|  |TAMS 0x00000000c0400000, 0x00000000c0300000| Complete 
|   4|0x00000000c0400000, 0x00000000c0500000, 0x00000000c0500000|100%|HS|  |TAMS 0x00000000c0500000, 0x00000000c0400000| Complete 
|   5|0x00000000c0500000, 0x00000000c0600000, 0x00000000c0600000|100%|HC|  |TAMS 0x00000000c0600000, 0x00000000c0500000| Complete 
|   6|0x00000000c0600000, 0x00000000c0700000, 0x00000000c0700000|100%| O|  |TAMS 0x00000000c0700000, 0x00000000c0600000| Untracked 
|   7|0x00000000c0700000, 0x00000000c0800000, 0x00000000c0800000|100%| O|  |TAMS 0x00000000c0800000, 0x00000000c0700000| Untracked 
|   8|0x00000000c0800000, 0x00000000c0900000, 0x00000000c0900000|100%| O|  |TAMS 0x00000000c0900000, 0x00000000c0800000| Untracked 
|   9|0x00000000c0900000, 0x00000000c0a00000, 0x00000000c0a00000|100%| O|  |TAMS 0x00000000c0a00000, 0x00000000c0900000| Untracked 
|  10|0x00000000c0a00000, 0x00000000c0b00000, 0x00000000c0b00000|100%| O|  |TAMS 0x00000000c0b00000, 0x00000000c0a00000| Untracked 
|  11|0x00000000c0b00000, 0x00000000c0c00000, 0x00000000c0c00000|100%| O|  |TAMS 0x00000000c0c00000, 0x00000000c0b00000| Untracked 
|  12|0x00000000c0c00000, 0x00000000c0d00000, 0x00000000c0d00000|100%| O|  |TAMS 0x00000000c0d00000, 0x00000000c0c00000| Untracked 
|  13|0x00000000c0d00000, 0x00000000c0e00000, 0x00000000c0e00000|100%| O|  |TAMS 0x00000000c0e00000, 0x00000000c0d00000| Untracked 
|  14|0x00000000c0e00000, 0x00000000c0f00000, 0x00000000c0f00000|100%| O|  |TAMS 0x00000000c0f00000, 0x00000000c0e00000| Untracked 
|  15|0x00000000c0f00000, 0x00000000c0f5fa00, 0x00000000c1000000| 37%| O|  |TAMS 0x00000000c0f5fa00, 0x00000000c0f00000| Untracked 
|  16|0x00000000c1000000, 0x00000000c1100000, 0x00000000c1100000|100%| O|  |TAMS 0x00000000c1000000, 0x00000000c1000000| Untracked 
|  17|0x00000000c1100000, 0x00000000c1200000, 0x00000000c1200000|100%| O|  |TAMS 0x00000000c1100000, 0x00000000c1100000| Untracked 
|  18|0x00000000c1200000, 0x00000000c1300000, 0x00000000c1300000|100%| O|  |TAMS 0x00000000c1200000, 0x00000000c1200000| Untracked 
|  19|0x00000000c1300000, 0x00000000c1400000, 0x00000000c1400000|100%| O|  |TAMS 0x00000000c1300000, 0x00000000c1300000| Untracked 
|  20|0x00000000c1400000, 0x00000000c1500000, 0x00000000c1500000|100%| O|  |TAMS 0x00000000c1400000, 0x00000000c1400000| Untracked 
|  21|0x00000000c1500000, 0x00000000c1600000, 0x00000000c1600000|100%| O|  |TAMS 0x00000000c1500000, 0x00000000c1500000| Untracked 
|  22|0x00000000c1600000, 0x00000000c1700000, 0x00000000c1700000|100%| O|  |TAMS 0x00000000c1600000, 0x00000000c1600000| Untracked 
|  23|0x00000000c1700000, 0x00000000c1800000, 0x00000000c1800000|100%| O|  |TAMS 0x00000000c1700000, 0x00000000c1700000| Untracked 
|  24|0x00000000c1800000, 0x00000000c1800000, 0x00000000c1900000|  0%| F|  |TAMS 0x00000000c1800000, 0x00000000c1800000| Untracked 
|  25|0x00000000c1900000, 0x00000000c1900000, 0x00000000c1a00000|  0%| F|  |TAMS 0x00000000c1900000, 0x00000000c1900000| Untracked 
|  26|0x00000000c1a00000, 0x00000000c1b00000, 0x00000000c1b00000|100%| O|  |TAMS 0x00000000c1a00000, 0x00000000c1a00000| Untracked 
|  27|0x00000000c1b00000, 0x00000000c1c00000, 0x00000000c1c00000|100%| O|  |TAMS 0x00000000c1b00000, 0x00000000c1b00000| Untracked 
|  28|0x00000000c1c00000, 0x00000000c1cbfc00, 0x00000000c1d00000| 74%| O|  |TAMS 0x00000000c1c00000, 0x00000000c1c00000| Untracked 
|  29|0x00000000c1d00000, 0x00000000c1d00000, 0x00000000c1e00000|  0%| F|  |TAMS 0x00000000c1d00000, 0x00000000c1d00000| Untracked 
|  30|0x00000000c1e00000, 0x00000000c1e00000, 0x00000000c1f00000|  0%| F|  |TAMS 0x00000000c1e00000, 0x00000000c1e00000| Untracked 
|  31|0x00000000c1f00000, 0x00000000c1f00000, 0x00000000c2000000|  0%| F|  |TAMS 0x00000000c1f00000, 0x00000000c1f00000| Untracked 
|  32|0x00000000c2000000, 0x00000000c2000000, 0x00000000c2100000|  0%| F|  |TAMS 0x00000000c2000000, 0x00000000c2000000| Untracked 
|  33|0x00000000c2100000, 0x00000000c2100000, 0x00000000c2200000|  0%| F|  |TAMS 0x00000000c2100000, 0x00000000c2100000| Untracked 
|  34|0x00000000c2200000, 0x00000000c2200000, 0x00000000c2300000|  0%| F|  |TAMS 0x00000000c2200000, 0x00000000c2200000| Untracked 
|  35|0x00000000c2300000, 0x00000000c2300000, 0x00000000c2400000|  0%| F|  |TAMS 0x00000000c2300000, 0x00000000c2300000| Untracked 
|  36|0x00000000c2400000, 0x00000000c2400000, 0x00000000c2500000|  0%| F|  |TAMS 0x00000000c2400000, 0x00000000c2400000| Untracked 
|  37|0x00000000c2500000, 0x00000000c2500000, 0x00000000c2600000|  0%| F|  |TAMS 0x00000000c2500000, 0x00000000c2500000| Untracked 
|  38|0x00000000c2600000, 0x00000000c2600000, 0x00000000c2700000|  0%| F|  |TAMS 0x00000000c2600000, 0x00000000c2600000| Untracked 
|  39|0x00000000c2700000, 0x00000000c2700000, 0x00000000c2800000|  0%| F|  |TAMS 0x00000000c2700000, 0x00000000c2700000| Untracked 
|  40|0x00000000c2800000, 0x00000000c2800000, 0x00000000c2900000|  0%| F|  |TAMS 0x00000000c2800000, 0x00000000c2800000| Untracked 
|  41|0x00000000c2900000, 0x00000000c2900000, 0x00000000c2a00000|  0%| F|  |TAMS 0x00000000c2900000, 0x00000000c2900000| Untracked 
|  42|0x00000000c2a00000, 0x00000000c2a00000, 0x00000000c2b00000|  0%| F|  |TAMS 0x00000000c2a00000, 0x00000000c2a00000| Untracked 
|  43|0x00000000c2b00000, 0x00000000c2b00000, 0x00000000c2c00000|  0%| F|  |TAMS 0x00000000c2b00000, 0x00000000c2b00000| Untracked 
|  44|0x00000000c2c00000, 0x00000000c2c00000, 0x00000000c2d00000|  0%| F|  |TAMS 0x00000000c2c00000, 0x00000000c2c00000| Untracked 
|  45|0x00000000c2d00000, 0x00000000c2d428a0, 0x00000000c2e00000| 25%| S|CS|TAMS 0x00000000c2d00000, 0x00000000c2d00000| Complete 
|  46|0x00000000c2e00000, 0x00000000c2f00000, 0x00000000c2f00000|100%| S|CS|TAMS 0x00000000c2e00000, 0x00000000c2e00000| Complete 
|  47|0x00000000c2f00000, 0x00000000c3000000, 0x00000000c3000000|100%| S|CS|TAMS 0x00000000c2f00000, 0x00000000c2f00000| Complete 
|  48|0x00000000c3000000, 0x00000000c3100000, 0x00000000c3100000|100%| S|CS|TAMS 0x00000000c3000000, 0x00000000c3000000| Complete 
|  49|0x00000000c3100000, 0x00000000c3100000, 0x00000000c3200000|  0%| F|  |TAMS 0x00000000c3100000, 0x00000000c3100000| Untracked 
|  50|0x00000000c3200000, 0x00000000c3200000, 0x00000000c3300000|  0%| F|  |TAMS 0x00000000c3200000, 0x00000000c3200000| Untracked 
|  51|0x00000000c3300000, 0x00000000c3300000, 0x00000000c3400000|  0%| F|  |TAMS 0x00000000c3300000, 0x00000000c3300000| Untracked 
|  52|0x00000000c3400000, 0x00000000c3400000, 0x00000000c3500000|  0%| F|  |TAMS 0x00000000c3400000, 0x00000000c3400000| Untracked 
|  53|0x00000000c3500000, 0x00000000c3500000, 0x00000000c3600000|  0%| F|  |TAMS 0x00000000c3500000, 0x00000000c3500000| Untracked 
|  54|0x00000000c3600000, 0x00000000c3600000, 0x00000000c3700000|  0%| F|  |TAMS 0x00000000c3600000, 0x00000000c3600000| Untracked 
|  55|0x00000000c3700000, 0x00000000c3700000, 0x00000000c3800000|  0%| F|  |TAMS 0x00000000c3700000, 0x00000000c3700000| Untracked 
|  56|0x00000000c3800000, 0x00000000c3800000, 0x00000000c3900000|  0%| F|  |TAMS 0x00000000c3800000, 0x00000000c3800000| Untracked 
|  57|0x00000000c3900000, 0x00000000c3900000, 0x00000000c3a00000|  0%| F|  |TAMS 0x00000000c3900000, 0x00000000c3900000| Untracked 
|  58|0x00000000c3a00000, 0x00000000c3a00000, 0x00000000c3b00000|  0%| F|  |TAMS 0x00000000c3a00000, 0x00000000c3a00000| Untracked 
|  59|0x00000000c3b00000, 0x00000000c3b00000, 0x00000000c3c00000|  0%| F|  |TAMS 0x00000000c3b00000, 0x00000000c3b00000| Untracked 
|  60|0x00000000c3c00000, 0x00000000c3c00000, 0x00000000c3d00000|  0%| F|  |TAMS 0x00000000c3c00000, 0x00000000c3c00000| Untracked 
|  61|0x00000000c3d00000, 0x00000000c3d00000, 0x00000000c3e00000|  0%| F|  |TAMS 0x00000000c3d00000, 0x00000000c3d00000| Untracked 
|  62|0x00000000c3e00000, 0x00000000c3e00000, 0x00000000c3f00000|  0%| F|  |TAMS 0x00000000c3e00000, 0x00000000c3e00000| Untracked 
|  63|0x00000000c3f00000, 0x00000000c3f00000, 0x00000000c4000000|  0%| F|  |TAMS 0x00000000c3f00000, 0x00000000c3f00000| Untracked 
|  64|0x00000000c4000000, 0x00000000c4000000, 0x00000000c4100000|  0%| F|  |TAMS 0x00000000c4000000, 0x00000000c4000000| Untracked 
|  65|0x00000000c4100000, 0x00000000c4100000, 0x00000000c4200000|  0%| F|  |TAMS 0x00000000c4100000, 0x00000000c4100000| Untracked 
|  66|0x00000000c4200000, 0x00000000c4200000, 0x00000000c4300000|  0%| F|  |TAMS 0x00000000c4200000, 0x00000000c4200000| Untracked 
|  67|0x00000000c4300000, 0x00000000c4300000, 0x00000000c4400000|  0%| F|  |TAMS 0x00000000c4300000, 0x00000000c4300000| Untracked 
|  68|0x00000000c4400000, 0x00000000c4400000, 0x00000000c4500000|  0%| F|  |TAMS 0x00000000c4400000, 0x00000000c4400000| Untracked 
|  69|0x00000000c4500000, 0x00000000c4500000, 0x00000000c4600000|  0%| F|  |TAMS 0x00000000c4500000, 0x00000000c4500000| Untracked 
|  70|0x00000000c4600000, 0x00000000c4600000, 0x00000000c4700000|  0%| F|  |TAMS 0x00000000c4600000, 0x00000000c4600000| Untracked 
|  71|0x00000000c4700000, 0x00000000c471f3d0, 0x00000000c4800000| 12%| E|  |TAMS 0x00000000c4700000, 0x00000000c4700000| Complete 
|  72|0x00000000c4800000, 0x00000000c4900000, 0x00000000c4900000|100%| E|CS|TAMS 0x00000000c4800000, 0x00000000c4800000| Complete 
|  73|0x00000000c4900000, 0x00000000c4a00000, 0x00000000c4a00000|100%| E|CS|TAMS 0x00000000c4900000, 0x00000000c4900000| Complete 
|  74|0x00000000c4a00000, 0x00000000c4b00000, 0x00000000c4b00000|100%| E|CS|TAMS 0x00000000c4a00000, 0x00000000c4a00000| Complete 
|  83|0x00000000c5300000, 0x00000000c5400000, 0x00000000c5400000|100%| E|CS|TAMS 0x00000000c5300000, 0x00000000c5300000| Complete 
|  84|0x00000000c5400000, 0x00000000c5500000, 0x00000000c5500000|100%| E|CS|TAMS 0x00000000c5400000, 0x00000000c5400000| Complete 
|  85|0x00000000c5500000, 0x00000000c5600000, 0x00000000c5600000|100%| E|CS|TAMS 0x00000000c5500000, 0x00000000c5500000| Complete 
|  86|0x00000000c5600000, 0x00000000c5700000, 0x00000000c5700000|100%| E|CS|TAMS 0x00000000c5600000, 0x00000000c5600000| Complete 
|  87|0x00000000c5700000, 0x00000000c5800000, 0x00000000c5800000|100%| E|CS|TAMS 0x00000000c5700000, 0x00000000c5700000| Complete 
| 122|0x00000000c7a00000, 0x00000000c7b00000, 0x00000000c7b00000|100%| E|CS|TAMS 0x00000000c7a00000, 0x00000000c7a00000| Complete 
| 123|0x00000000c7b00000, 0x00000000c7c00000, 0x00000000c7c00000|100%| E|CS|TAMS 0x00000000c7b00000, 0x00000000c7b00000| Complete 
| 124|0x00000000c7c00000, 0x00000000c7d00000, 0x00000000c7d00000|100%| E|CS|TAMS 0x00000000c7c00000, 0x00000000c7c00000| Complete 
| 125|0x00000000c7d00000, 0x00000000c7e00000, 0x00000000c7e00000|100%| E|CS|TAMS 0x00000000c7d00000, 0x00000000c7d00000| Complete 

Card table byte_map: [0x0000026b61a60000,0x0000026b61c60000] _byte_map_base: 0x0000026b61460000

Marking Bits (Prev, Next): (CMBitMap*) 0x0000026b59b26c80, (CMBitMap*) 0x0000026b59b26cc0
 Prev Bits: [0x0000026b61e60000, 0x0000026b62e60000)
 Next Bits: [0x0000026b62e60000, 0x0000026b63e60000)

Polling page: 0x0000026b59b80000

Metaspace:

Usage:
  Non-class:     34.95 MB used.
      Class:      5.12 MB used.
       Both:     40.07 MB used.

Virtual space:
  Non-class space:       64.00 MB reserved,      35.19 MB ( 55%) committed,  1 nodes.
      Class space:        1.00 GB reserved,       5.31 MB ( <1%) committed,  1 nodes.
             Both:        1.06 GB reserved,      40.50 MB (  4%) committed. 

Chunk freelists:
   Non-Class:  12.04 MB
       Class:  10.64 MB
        Both:  22.68 MB

MaxMetaspaceSize: unlimited
CompressedClassSpaceSize: 1.00 GB
Initial GC threshold: 21.00 MB
Current GC threshold: 47.12 MB
CDS: off
MetaspaceReclaimPolicy: balanced
 - commit_granule_bytes: 65536.
 - commit_granule_words: 8192.
 - virtual_space_node_default_size: 8388608.
 - enlarge_chunks_in_place: 1.
 - new_chunks_are_fully_committed: 0.
 - uncommit_free_chunks: 1.
 - use_allocation_guard: 0.
 - handle_deallocations: 1.


Internal statistics:

num_allocs_failed_limit: 8.
num_arena_births: 502.
num_arena_deaths: 0.
num_vsnodes_births: 2.
num_vsnodes_deaths: 0.
num_space_committed: 647.
num_space_uncommitted: 0.
num_chunks_returned_to_freelist: 8.
num_chunks_taken_from_freelist: 1710.
num_chunk_merges: 8.
num_chunk_splits: 1194.
num_chunks_enlarged: 917.
num_inconsistent_stats: 0.

CodeCache: size=49152Kb used=6853Kb max_used=8530Kb free=42298Kb
 bounds [0x0000026b5df70000, 0x0000026b5e7d0000, 0x0000026b60f70000]
 total_blobs=4234 nmethods=3687 adapters=474
 compilation: enabled
              stopped_count=0, restarted_count=0
 full_count=0

Compilation events (20 events):
Event: 10.126 Thread 0x0000026b66c96c30 nmethod 3674 0x0000026b5e7c3590 code [0x0000026b5e7c3720, 0x0000026b5e7c38e8]
Event: 10.126 Thread 0x0000026b6bb93960 nmethod 3675 0x0000026b5e7c3990 code [0x0000026b5e7c3b40, 0x0000026b5e7c3d28]
Event: 10.134 Thread 0x0000026b6bb93960 3676       1       com.google.gson.stream.JsonWriter::setSerializeNulls (6 bytes)
Event: 10.134 Thread 0x0000026b66c8fe30 3677       1       com.google.gson.stream.JsonWriter::setLenient (6 bytes)
Event: 10.134 Thread 0x0000026b66c96c30 3678       1       com.google.gson.stream.JsonWriter::setHtmlSafe (6 bytes)
Event: 10.134 Thread 0x0000026b6bb93960 nmethod 3676 0x0000026b5e7c3e10 code [0x0000026b5e7c3fa0, 0x0000026b5e7c4078]
Event: 10.134 Thread 0x0000026b66c8fe30 nmethod 3677 0x0000026b5e7c4110 code [0x0000026b5e7c42a0, 0x0000026b5e7c4378]
Event: 10.134 Thread 0x0000026b66c96c30 nmethod 3678 0x0000026b5e7c4410 code [0x0000026b5e7c45a0, 0x0000026b5e7c4678]
Event: 10.743 Thread 0x0000026b66c8fe30 3680       1       jdk.internal.misc.Unsafe::ensureClassInitialized (18 bytes)
Event: 10.743 Thread 0x0000026b66aa01c0 3681       1       java.lang.invoke.InvokerBytecodeGenerator::emitIconstInsn (75 bytes)
Event: 10.743 Thread 0x0000026b66c8fe30 nmethod 3680 0x0000026b5e1a6b90 code [0x0000026b5e1a6d40, 0x0000026b5e1a6eb8]
Event: 10.743 Thread 0x0000026b66aa01c0 nmethod 3681 0x0000026b5e1a6590 code [0x0000026b5e1a6780, 0x0000026b5e1a6a38]
Event: 10.755 Thread 0x0000026b66aa01c0 3682       1       reactor.core.publisher.InternalMonoOperator::nextOptimizableSource (5 bytes)
Event: 10.756 Thread 0x0000026b66aa01c0 nmethod 3682 0x0000026b5e1a6290 code [0x0000026b5e1a6420, 0x0000026b5e1a64f8]
Event: 19.158 Thread 0x0000026b66aa01c0 3683       1       java.util.ArrayList::<init> (63 bytes)
Event: 19.158 Thread 0x0000026b66aa01c0 nmethod 3683 0x0000026b5e492890 code [0x0000026b5e492a60, 0x0000026b5e492d38]
Event: 49.322 Thread 0x0000026b66aa01c0 3684       1       java.lang.invoke.StringConcatFactory::parseRecipe (198 bytes)
Event: 49.325 Thread 0x0000026b66aa01c0 nmethod 3684 0x0000026b5e490f90 code [0x0000026b5e491260, 0x0000026b5e491fb8]
Event: 49.608 Thread 0x0000026b66aa01c0 3687       1       java.util.logging.Logger::getName (5 bytes)
Event: 49.609 Thread 0x0000026b66aa01c0 nmethod 3687 0x0000026b5e490690 code [0x0000026b5e490820, 0x0000026b5e4908f8]

GC Heap History (12 events):
Event: 1.930 GC heap before
{Heap before GC invocations=0 (full 0):
 garbage-first heap   total 129024K, used 28672K [0x00000000c0000000, 0x0000000100000000)
  region size 1024K, 23 young (23552K), 0 survivors (0K)
 Metaspace       used 7886K, committed 8064K, reserved 1114112K
  class space    used 846K, committed 960K, reserved 1048576K
}
Event: 1.953 GC heap after
{Heap after GC invocations=1 (full 0):
 garbage-first heap   total 129024K, used 15509K [0x00000000c0000000, 0x0000000100000000)
  region size 1024K, 3 young (3072K), 3 survivors (3072K)
 Metaspace       used 7886K, committed 8064K, reserved 1114112K
  class space    used 846K, committed 960K, reserved 1048576K
}
Event: 3.310 GC heap before
{Heap before GC invocations=1 (full 0):
 garbage-first heap   total 129024K, used 37013K [0x00000000c0000000, 0x0000000100000000)
  region size 1024K, 25 young (25600K), 3 survivors (3072K)
 Metaspace       used 13544K, committed 13760K, reserved 1114112K
  class space    used 1668K, committed 1792K, reserved 1048576K
}
Event: 3.316 GC heap after
{Heap after GC invocations=2 (full 0):
 garbage-first heap   total 129024K, used 17394K [0x00000000c0000000, 0x0000000100000000)
  region size 1024K, 2 young (2048K), 2 survivors (2048K)
 Metaspace       used 13544K, committed 13760K, reserved 1114112K
  class space    used 1668K, committed 1792K, reserved 1048576K
}
Event: 4.932 GC heap before
{Heap before GC invocations=2 (full 0):
 garbage-first heap   total 129024K, used 52210K [0x00000000c0000000, 0x0000000100000000)
  region size 1024K, 38 young (38912K), 2 survivors (2048K)
 Metaspace       used 21275K, committed 21504K, reserved 1114112K
  class space    used 2599K, committed 2752K, reserved 1048576K
}
Event: 4.943 GC heap after
{Heap after GC invocations=3 (full 0):
 garbage-first heap   total 129024K, used 20575K [0x00000000c0000000, 0x0000000100000000)
  region size 1024K, 5 young (5120K), 5 survivors (5120K)
 Metaspace       used 21275K, committed 21504K, reserved 1114112K
  class space    used 2599K, committed 2752K, reserved 1048576K
}
Event: 6.617 GC heap before
{Heap before GC invocations=4 (full 0):
 garbage-first heap   total 86016K, used 66655K [0x00000000c0000000, 0x0000000100000000)
  region size 1024K, 50 young (51200K), 5 survivors (5120K)
 Metaspace       used 28674K, committed 28928K, reserved 1114112K
  class space    used 3584K, committed 3712K, reserved 1048576K
}
Event: 6.629 GC heap after
{Heap after GC invocations=5 (full 0):
 garbage-first heap   total 86016K, used 24118K [0x00000000c0000000, 0x0000000100000000)
  region size 1024K, 7 young (7168K), 7 survivors (7168K)
 Metaspace       used 28674K, committed 28928K, reserved 1114112K
  class space    used 3584K, committed 3712K, reserved 1048576K
}
Event: 8.262 GC heap before
{Heap before GC invocations=6 (full 0):
 garbage-first heap   total 86016K, used 55862K [0x00000000c0000000, 0x0000000100000000)
  region size 1024K, 38 young (38912K), 7 survivors (7168K)
 Metaspace       used 33193K, committed 33600K, reserved 1114112K
  class space    used 4235K, committed 4416K, reserved 1048576K
}
Event: 8.284 GC heap after
{Heap after GC invocations=7 (full 0):
 garbage-first heap   total 86016K, used 26884K [0x00000000c0000000, 0x0000000100000000)
  region size 1024K, 3 young (3072K), 3 survivors (3072K)
 Metaspace       used 33193K, committed 33600K, reserved 1114112K
  class space    used 4235K, committed 4416K, reserved 1048576K
}
Event: 9.587 GC heap before
{Heap before GC invocations=7 (full 0):
 garbage-first heap   total 86016K, used 60676K [0x00000000c0000000, 0x0000000100000000)
  region size 1024K, 35 young (35840K), 3 survivors (3072K)
 Metaspace       used 39279K, committed 39808K, reserved 1114112K
  class space    used 4931K, committed 5184K, reserved 1048576K
}
Event: 9.593 GC heap after
{Heap after GC invocations=8 (full 0):
 garbage-first heap   total 86016K, used 30087K [0x00000000c0000000, 0x0000000100000000)
  region size 1024K, 4 young (4096K), 4 survivors (4096K)
 Metaspace       used 39279K, committed 39808K, reserved 1114112K
  class space    used 4931K, committed 5184K, reserved 1048576K
}

Dll operation events (8 events):
Event: 0.039 Loaded shared library c:\Users\German Velasco\.vscode\extensions\redhat.java-1.33.0-win32-x64\jre\17.0.11-win32-x86_64\bin\java.dll
Event: 0.599 Loaded shared library C:\Users\German Velasco\.vscode\extensions\redhat.java-1.33.0-win32-x64\jre\17.0.11-win32-x86_64\bin\net.dll
Event: 0.604 Loaded shared library C:\Users\German Velasco\.vscode\extensions\redhat.java-1.33.0-win32-x64\jre\17.0.11-win32-x86_64\bin\nio.dll
Event: 0.616 Loaded shared library C:\Users\German Velasco\.vscode\extensions\redhat.java-1.33.0-win32-x64\jre\17.0.11-win32-x86_64\bin\zip.dll
Event: 1.376 Loaded shared library C:\Users\German Velasco\.vscode\extensions\redhat.java-1.33.0-win32-x64\jre\17.0.11-win32-x86_64\bin\jimage.dll
Event: 4.954 Loaded shared library c:\Users\German Velasco\.vscode\extensions\redhat.java-1.33.0-win32-x64\jre\17.0.11-win32-x86_64\bin\verify.dll
Event: 9.330 Loaded shared library C:\Users\German Velasco\.vscode\extensions\redhat.java-1.33.0-win32-x64\jre\17.0.11-win32-x86_64\bin\management.dll
Event: 9.336 Loaded shared library C:\Users\German Velasco\.vscode\extensions\redhat.java-1.33.0-win32-x64\jre\17.0.11-win32-x86_64\bin\management_ext.dll

Deoptimization events (4 events):
Event: 10.066 Thread 0x0000026b6c1d5360 DEOPT PACKING pc=0x0000026b5e56ea01 sp=0x000000e7a42fdb30
Event: 10.066 Thread 0x0000026b6c1d5360 DEOPT UNPACKING pc=0x0000026b5dfc7143 sp=0x000000e7a42fcfc0 mode 3
Event: 10.123 Thread 0x0000026b6c5aecd0 DEOPT PACKING pc=0x0000026b5e53a717 sp=0x000000e7a43ff360
Event: 10.123 Thread 0x0000026b6c5aecd0 DEOPT UNPACKING pc=0x0000026b5dfc7143 sp=0x000000e7a43fe7b8 mode 3

Classes unloaded (0 events):
No events

Classes redefined (0 events):
No events

Internal exceptions (20 events):
Event: 6.912 Thread 0x0000026b59aea220 Exception <a 'java/lang/NoSuchMethodError'{0x00000000c55d84c0}: 'java.lang.Object java.lang.invoke.DirectMethodHandle$Holder.invokeSpecial(java.lang.Object, java.lang.Object, int, java.lang.Object, java.lang.Object)'> (0x00000000c55d84c0) 
thrown [s\src\hotspot\share\interpreter\linkResolver.cpp, line 759]
Event: 6.912 Thread 0x0000026b59aea220 Exception <a 'java/lang/NoSuchMethodError'{0x00000000c55dc168}: 'java.lang.Object java.lang.invoke.DelegatingMethodHandle$Holder.delegate(java.lang.Object, int, java.lang.Object, java.lang.Object)'> (0x00000000c55dc168) 
thrown [s\src\hotspot\share\interpreter\linkResolver.cpp, line 759]
Event: 6.913 Thread 0x0000026b59aea220 Exception <a 'java/lang/NoSuchMethodError'{0x00000000c55ecff0}: 'int java.lang.invoke.Invokers$Holder.linkToTargetMethod(java.lang.Object, java.lang.Object, java.lang.Object)'> (0x00000000c55ecff0) 
thrown [s\src\hotspot\share\interpreter\linkResolver.cpp, line 759]
Event: 7.162 Thread 0x0000026b59aea220 Exception <a 'java/lang/NoSuchMethodError'{0x00000000c48b8df0}: 'java.lang.Object java.lang.invoke.DirectMethodHandle$Holder.invokeStaticInit(java.lang.Object, int, int, int, int)'> (0x00000000c48b8df0) 
thrown [s\src\hotspot\share\interpreter\linkResolver.cpp, line 759]
Event: 7.562 Thread 0x0000026b59aea220 Exception <a 'java/lang/NoSuchMethodError'{0x00000000c470e670}: 'java.lang.Object java.lang.invoke.DirectMethodHandle$Holder.invokeStaticInit(java.lang.Object, java.lang.Object, int, int, int, int)'> (0x00000000c470e670) 
thrown [s\src\hotspot\share\interpreter\linkResolver.cpp, line 759]
Event: 7.931 Thread 0x0000026b59aea220 Exception <a 'java/lang/NoSuchMethodError'{0x00000000c3fb0d10}: 'void java.lang.invoke.DirectMethodHandle$Holder.invokeSpecialIFC(java.lang.Object, java.lang.Object, java.lang.Object)'> (0x00000000c3fb0d10) 
thrown [s\src\hotspot\share\interpreter\linkResolver.cpp, line 759]
Event: 8.604 Thread 0x0000026b59aea220 Exception <a 'java/lang/NoSuchMethodError'{0x00000000c4602b40}: 'int java.lang.invoke.DirectMethodHandle$Holder.invokeStaticInit(java.lang.Object, java.lang.Object, int, java.lang.Object)'> (0x00000000c4602b40) 
thrown [s\src\hotspot\share\interpreter\linkResolver.cpp, line 759]
Event: 8.683 Thread 0x0000026b59aea220 Exception <a 'java/lang/NoSuchMethodError'{0x00000000c45391d0}: 'void java.lang.invoke.DirectMethodHandle$Holder.invokeSpecial(java.lang.Object, java.lang.Object, java.lang.Object, java.lang.Object, java.lang.Object, java.lang.Object, java.lang.Object)'> (0x00000000c45391d0) 
thrown [s\src\hotspot\share\interpreter\linkResolver.cpp, line 759]
Event: 9.042 Thread 0x0000026b59aea220 Exception <a 'java/lang/NoSuchMethodError'{0x00000000c4095250}: 'java.lang.Object java.lang.invoke.DirectMethodHandle$Holder.invokeInterface(java.lang.Object, java.lang.Object, int)'> (0x00000000c4095250) 
thrown [s\src\hotspot\share\interpreter\linkResolver.cpp, line 759]
Event: 9.045 Thread 0x0000026b59aea220 Exception <a 'java/lang/IncompatibleClassChangeError'{0x00000000c40ac188}: Found class java.lang.Object, but interface was expected> (0x00000000c40ac188) 
thrown [s\src\hotspot\share\interpreter\linkResolver.cpp, line 826]
Event: 9.320 Thread 0x0000026b59aea220 Exception <a 'java/lang/NoSuchMethodError'{0x00000000c3ab01a8}: 'java.lang.Object java.lang.invoke.DirectMethodHandle$Holder.newInvokeSpecial(java.lang.Object, java.lang.Object, int, java.lang.Object, java.lang.Object)'> (0x00000000c3ab01a8) 
thrown [s\src\hotspot\share\interpreter\linkResolver.cpp, line 759]
Event: 9.321 Thread 0x0000026b59aea220 Exception <a 'java/lang/NoSuchMethodError'{0x00000000c3ac7288}: 'java.lang.Object java.lang.invoke.DirectMethodHandle$Holder.newInvokeSpecial(java.lang.Object, java.lang.Object, java.lang.Object, int)'> (0x00000000c3ac7288) 
thrown [s\src\hotspot\share\interpreter\linkResolver.cpp, line 759]
Event: 9.321 Thread 0x0000026b59aea220 Exception <a 'java/lang/NoSuchMethodError'{0x00000000c3acb570}: 'java.lang.Object java.lang.invoke.DirectMethodHandle$Holder.invokeSpecial(java.lang.Object, java.lang.Object, java.lang.Object, java.lang.Object, int)'> (0x00000000c3acb570) 
thrown [s\src\hotspot\share\interpreter\linkResolver.cpp, line 759]
Event: 9.321 Thread 0x0000026b59aea220 Exception <a 'java/lang/NoSuchMethodError'{0x00000000c3acf138}: 'java.lang.Object java.lang.invoke.Invokers$Holder.linkToTargetMethod(java.lang.Object, java.lang.Object, int, java.lang.Object)'> (0x00000000c3acf138) 
thrown [s\src\hotspot\share\interpreter\linkResolver.cpp, line 759]
Event: 9.929 Thread 0x0000026b6c5aecd0 Exception <a 'java/lang/NoSuchMethodError'{0x00000000c57863d8}: 'java.lang.Object java.lang.invoke.DirectMethodHandle$Holder.invokeStatic(java.lang.Object, int, java.lang.Object)'> (0x00000000c57863d8) 
thrown [s\src\hotspot\share\interpreter\linkResolver.cpp, line 759]
Event: 10.022 Thread 0x0000026b6c1d5360 Exception <a 'java/lang/NoSuchMethodError'{0x00000000c57eb630}: 'java.lang.Object java.lang.invoke.DirectMethodHandle$Holder.invokeStatic(java.lang.Object, java.lang.Object, java.lang.Object, int, java.lang.Object, java.lang.Object)'> (0x00000000c57eb630) 
thrown [s\src\hotspot\share\interpreter\linkResolver.cpp, line 759]
Event: 10.743 Thread 0x0000026b6c5eac30 Exception <a 'java/lang/NoSuchMethodError'{0x00000000c48c3dd0}: 'int java.lang.invoke.DirectMethodHandle$Holder.invokeStatic(java.lang.Object)'> (0x00000000c48c3dd0) 
thrown [s\src\hotspot\share\interpreter\linkResolver.cpp, line 759]
Event: 10.743 Thread 0x0000026b6c5eac30 Exception <a 'java/lang/NoSuchMethodError'{0x00000000c48c71d0}: 'int java.lang.invoke.DirectMethodHandle$Holder.invokeStaticInit(java.lang.Object)'> (0x00000000c48c71d0) 
thrown [s\src\hotspot\share\interpreter\linkResolver.cpp, line 759]
Event: 49.466 Thread 0x0000026b6c3c7020 Exception <a 'java/lang/NoSuchMethodError'{0x00000000c4702c90}: 'void java.lang.invoke.DirectMethodHandle$Holder.invokeStatic(java.lang.Object, long)'> (0x00000000c4702c90) 
thrown [s\src\hotspot\share\interpreter\linkResolver.cpp, line 759]
Event: 49.467 Thread 0x0000026b6c3c7020 Exception <a 'java/lang/NoSuchMethodError'{0x00000000c4708038}: 'java.lang.Object java.lang.invoke.DirectMethodHandle$Holder.newInvokeSpecial(java.lang.Object, long)'> (0x00000000c4708038) 
thrown [s\src\hotspot\share\interpreter\linkResolver.cpp, line 759]

VM Operations (20 events):
Event: 9.262 Executing VM operation: HandshakeAllThreads done
Event: 9.354 Executing VM operation: HandshakeAllThreads
Event: 9.354 Executing VM operation: HandshakeAllThreads done
Event: 9.354 Executing VM operation: Cleanup
Event: 9.355 Executing VM operation: Cleanup done
Event: 9.359 Executing VM operation: HandshakeAllThreads
Event: 9.359 Executing VM operation: HandshakeAllThreads done
Event: 9.587 Executing VM operation: G1CollectForAllocation
Event: 9.593 Executing VM operation: G1CollectForAllocation done
Event: 10.081 Executing VM operation: HandshakeAllThreads
Event: 10.121 Executing VM operation: HandshakeAllThreads done
Event: 11.135 Executing VM operation: Cleanup
Event: 11.135 Executing VM operation: Cleanup done
Event: 29.292 Executing VM operation: Cleanup
Event: 29.293 Executing VM operation: Cleanup done
Event: 49.459 Executing VM operation: Cleanup
Event: 49.459 Executing VM operation: Cleanup done
Event: 49.469 Executing VM operation: HandshakeAllThreads
Event: 49.469 Executing VM operation: HandshakeAllThreads done
Event: 49.609 Executing VM operation: G1CollectFull

Events (20 events):
Event: 10.743 Thread 0x0000026b66c96c30 Thread exited: 0x0000026b66c96c30
Event: 10.746 loading class java/util/concurrent/atomic/AtomicLongFieldUpdater
Event: 10.746 loading class java/util/concurrent/atomic/AtomicLongFieldUpdater done
Event: 10.746 loading class java/util/concurrent/atomic/AtomicLongFieldUpdater$CASUpdater
Event: 10.747 loading class java/util/concurrent/atomic/AtomicLongFieldUpdater$CASUpdater done
Event: 10.747 loading class java/util/concurrent/atomic/AtomicLongFieldUpdater$CASUpdater$1
Event: 10.747 loading class java/util/concurrent/atomic/AtomicLongFieldUpdater$CASUpdater$1 done
Event: 15.767 Thread 0x0000026b66c8fe30 Thread exited: 0x0000026b66c8fe30
Event: 49.327 loading class java/lang/ProcessBuilder
Event: 49.328 loading class java/lang/ProcessBuilder done
Event: 49.329 loading class java/lang/ProcessImpl
Event: 49.329 loading class java/lang/ProcessImpl done
Event: 49.467 loading class java/lang/ProcessImpl$2
Event: 49.467 loading class java/lang/ProcessImpl$2 done
Event: 49.468 loading class java/lang/Process$PipeInputStream
Event: 49.468 loading class java/lang/Process$PipeInputStream done
Event: 49.471 loading class jdk/internal/event/ProcessStartEvent
Event: 49.471 loading class jdk/internal/event/ProcessStartEvent done
Event: 49.609 loading class java/io/FileOutputStream$1
Event: 49.609 loading class java/io/FileOutputStream$1 done


Dynamic libraries:
0x00007ff630f90000 - 0x00007ff630f9e000 	c:\Users\German Velasco\.vscode\extensions\redhat.java-1.33.0-win32-x64\jre\17.0.11-win32-x86_64\bin\java.exe
0x00007ffe47030000 - 0x00007ffe47247000 	C:\WINDOWS\SYSTEM32\ntdll.dll
0x00007ffe46470000 - 0x00007ffe46534000 	C:\WINDOWS\System32\KERNEL32.DLL
0x00007ffe44520000 - 0x00007ffe448cd000 	C:\WINDOWS\System32\KERNELBASE.dll
0x00007ffe3e090000 - 0x00007ffe3e127000 	C:\WINDOWS\SYSTEM32\apphelp.dll
0x00007ffe44b90000 - 0x00007ffe44ca1000 	C:\WINDOWS\System32\ucrtbase.dll
0x00007ffe2bfb0000 - 0x00007ffe2bfc7000 	c:\Users\German Velasco\.vscode\extensions\redhat.java-1.33.0-win32-x64\jre\17.0.11-win32-x86_64\bin\jli.dll
0x00007ffe24590000 - 0x00007ffe245ab000 	c:\Users\German Velasco\.vscode\extensions\redhat.java-1.33.0-win32-x64\jre\17.0.11-win32-x86_64\bin\VCRUNTIME140.dll
0x00007ffe462b0000 - 0x00007ffe4645e000 	C:\WINDOWS\System32\USER32.dll
0x00007ffe28940000 - 0x00007ffe28bd3000 	C:\WINDOWS\WinSxS\amd64_microsoft.windows.common-controls_6595b64144ccf1df_6.0.22621.3672_none_2713b9d173822955\COMCTL32.dll
0x00007ffe448d0000 - 0x00007ffe448f6000 	C:\WINDOWS\System32\win32u.dll
0x00007ffe46e60000 - 0x00007ffe46f07000 	C:\WINDOWS\System32\msvcrt.dll
0x00007ffe45050000 - 0x00007ffe45079000 	C:\WINDOWS\System32\GDI32.dll
0x00007ffe44360000 - 0x00007ffe44479000 	C:\WINDOWS\System32\gdi32full.dll
0x00007ffe44480000 - 0x00007ffe4451a000 	C:\WINDOWS\System32\msvcp_win.dll
0x00007ffe45970000 - 0x00007ffe459a1000 	C:\WINDOWS\System32\IMM32.DLL
0x00007ffe21030000 - 0x00007ffe2103c000 	c:\Users\German Velasco\.vscode\extensions\redhat.java-1.33.0-win32-x64\jre\17.0.11-win32-x86_64\bin\vcruntime140_1.dll
0x00007ffdef7a0000 - 0x00007ffdef82d000 	c:\Users\German Velasco\.vscode\extensions\redhat.java-1.33.0-win32-x64\jre\17.0.11-win32-x86_64\bin\msvcp140.dll
0x00007ffd9f1e0000 - 0x00007ffd9fe42000 	c:\Users\German Velasco\.vscode\extensions\redhat.java-1.33.0-win32-x64\jre\17.0.11-win32-x86_64\bin\server\jvm.dll
0x00007ffe46f30000 - 0x00007ffe46fe2000 	C:\WINDOWS\System32\ADVAPI32.dll
0x00007ffe46700000 - 0x00007ffe467a9000 	C:\WINDOWS\System32\sechost.dll
0x00007ffe44900000 - 0x00007ffe44928000 	C:\WINDOWS\System32\bcrypt.dll
0x00007ffe46cc0000 - 0x00007ffe46dd4000 	C:\WINDOWS\System32\RPCRT4.dll
0x00007ffe44240000 - 0x00007ffe4428d000 	C:\WINDOWS\SYSTEM32\POWRPROF.dll
0x00007ffe211a0000 - 0x00007ffe211a9000 	C:\WINDOWS\SYSTEM32\WSOCK32.dll
0x00007ffe46de0000 - 0x00007ffe46e51000 	C:\WINDOWS\System32\WS2_32.dll
0x00007ffe3e2e0000 - 0x00007ffe3e314000 	C:\WINDOWS\SYSTEM32\WINMM.dll
0x00007ffe3b8c0000 - 0x00007ffe3b8ca000 	C:\WINDOWS\SYSTEM32\VERSION.dll
0x00007ffe44200000 - 0x00007ffe44213000 	C:\WINDOWS\SYSTEM32\UMPDC.dll
0x00007ffe43350000 - 0x00007ffe43368000 	C:\WINDOWS\SYSTEM32\kernel.appcore.dll
0x00007ffe20da0000 - 0x00007ffe20daa000 	c:\Users\German Velasco\.vscode\extensions\redhat.java-1.33.0-win32-x64\jre\17.0.11-win32-x86_64\bin\jimage.dll
0x00007ffe41b90000 - 0x00007ffe41dc2000 	C:\WINDOWS\SYSTEM32\DBGHELP.DLL
0x00007ffe45c20000 - 0x00007ffe45fa8000 	C:\WINDOWS\System32\combase.dll
0x00007ffe44ed0000 - 0x00007ffe44fa7000 	C:\WINDOWS\System32\OLEAUT32.dll
0x00007ffe1fdc0000 - 0x00007ffe1fdf2000 	C:\WINDOWS\SYSTEM32\dbgcore.DLL
0x00007ffe44930000 - 0x00007ffe449ab000 	C:\WINDOWS\System32\bcryptPrimitives.dll
0x00007ffe0f610000 - 0x00007ffe0f635000 	c:\Users\German Velasco\.vscode\extensions\redhat.java-1.33.0-win32-x64\jre\17.0.11-win32-x86_64\bin\java.dll
0x00007ffe1ccc0000 - 0x00007ffe1ccd8000 	c:\Users\German Velasco\.vscode\extensions\redhat.java-1.33.0-win32-x64\jre\17.0.11-win32-x86_64\bin\zip.dll
0x00007ffe450b0000 - 0x00007ffe4590f000 	C:\WINDOWS\System32\SHELL32.dll
0x00007ffe42260000 - 0x00007ffe42b5c000 	C:\WINDOWS\SYSTEM32\windows.storage.dll
0x00007ffe42120000 - 0x00007ffe4225f000 	C:\WINDOWS\SYSTEM32\wintypes.dll
0x00007ffe44d70000 - 0x00007ffe44e64000 	C:\WINDOWS\System32\SHCORE.dll
0x00007ffe45910000 - 0x00007ffe4596e000 	C:\WINDOWS\System32\shlwapi.dll
0x00007ffe44290000 - 0x00007ffe442b1000 	C:\WINDOWS\SYSTEM32\profapi.dll
0x00007ffe1b1d0000 - 0x00007ffe1b1e9000 	C:\Users\German Velasco\.vscode\extensions\redhat.java-1.33.0-win32-x64\jre\17.0.11-win32-x86_64\bin\net.dll
0x00007ffe3e1a0000 - 0x00007ffe3e2d6000 	C:\WINDOWS\SYSTEM32\WINHTTP.dll
0x00007ffe437c0000 - 0x00007ffe43829000 	C:\WINDOWS\system32\mswsock.dll
0x00007ffe15db0000 - 0x00007ffe15dc6000 	C:\Users\German Velasco\.vscode\extensions\redhat.java-1.33.0-win32-x64\jre\17.0.11-win32-x86_64\bin\nio.dll
0x00007ffe1c3e0000 - 0x00007ffe1c3f0000 	c:\Users\German Velasco\.vscode\extensions\redhat.java-1.33.0-win32-x64\jre\17.0.11-win32-x86_64\bin\verify.dll
0x00007ffe43a50000 - 0x00007ffe43a6b000 	C:\WINDOWS\SYSTEM32\CRYPTSP.dll
0x00007ffe432b0000 - 0x00007ffe432e5000 	C:\WINDOWS\system32\rsaenh.dll
0x00007ffe43890000 - 0x00007ffe438b8000 	C:\WINDOWS\SYSTEM32\USERENV.dll
0x00007ffe43a00000 - 0x00007ffe43a0c000 	C:\WINDOWS\SYSTEM32\CRYPTBASE.dll
0x00007ffe42dc0000 - 0x00007ffe42ded000 	C:\WINDOWS\SYSTEM32\IPHLPAPI.DLL
0x00007ffe46460000 - 0x00007ffe46469000 	C:\WINDOWS\System32\NSI.dll
0x00007ffe3e910000 - 0x00007ffe3e929000 	C:\WINDOWS\SYSTEM32\dhcpcsvc6.DLL
0x00007ffe3e050000 - 0x00007ffe3e06f000 	C:\WINDOWS\SYSTEM32\dhcpcsvc.DLL
0x00007ffe42e30000 - 0x00007ffe42f28000 	C:\WINDOWS\SYSTEM32\DNSAPI.dll
0x00007ffe39460000 - 0x00007ffe39469000 	C:\Users\German Velasco\.vscode\extensions\redhat.java-1.33.0-win32-x64\jre\17.0.11-win32-x86_64\bin\management.dll
0x00007ffe391a0000 - 0x00007ffe391ab000 	C:\Users\German Velasco\.vscode\extensions\redhat.java-1.33.0-win32-x64\jre\17.0.11-win32-x86_64\bin\management_ext.dll
0x00007ffe46830000 - 0x00007ffe46838000 	C:\WINDOWS\System32\PSAPI.DLL

dbghelp: loaded successfully - version: 4.0.5 - missing functions: none
symbol engine: initialized successfully - sym options: 0x614 - pdb path: .;c:\Users\German Velasco\.vscode\extensions\redhat.java-1.33.0-win32-x64\jre\17.0.11-win32-x86_64\bin;C:\WINDOWS\SYSTEM32;C:\WINDOWS\WinSxS\amd64_microsoft.windows.common-controls_6595b64144ccf1df_6.0.22621.3672_none_2713b9d173822955;c:\Users\German Velasco\.vscode\extensions\redhat.java-1.33.0-win32-x64\jre\17.0.11-win32-x86_64\bin\server

VM Arguments:
jvm_args: -Xmx1024m -Dsts.lsp.client=vscode -Dsts.log.file=/dev/null -XX:TieredStopAtLevel=1 -Xlog:jni+resolve=off -Dspring.config.location=file:c:\Users\German Velasco\.vscode\extensions\vmware.vscode-spring-boot-1.56.0\language-server\BOOT-INF\classes\application.properties 
java_command: org.springframework.ide.vscode.boot.app.BootLanguageServerBootApp
java_class_path (initial): c:\Users\German Velasco\.vscode\extensions\vmware.vscode-spring-boot-1.56.0\language-server\BOOT-INF\classes;c:\Users\German Velasco\.vscode\extensions\vmware.vscode-spring-boot-1.56.0\language-server\BOOT-INF\lib\annotations-24.1.0.jar;c:\Users\German Velasco\.vscode\extensions\vmware.vscode-spring-boot-1.56.0\language-server\BOOT-INF\lib\antlr4-runtime-4.13.1.jar;c:\Users\German Velasco\.vscode\extensions\vmware.vscode-spring-boot-1.56.0\language-server\BOOT-INF\lib\asm-9.7.jar;c:\Users\German Velasco\.vscode\extensions\vmware.vscode-spring-boot-1.56.0\language-server\BOOT-INF\lib\asm-analysis-9.7.jar;c:\Users\German Velasco\.vscode\extensions\vmware.vscode-spring-boot-1.56.0\language-server\BOOT-INF\lib\asm-tree-9.7.jar;c:\Users\German Velasco\.vscode\extensions\vmware.vscode-spring-boot-1.56.0\language-server\BOOT-INF\lib\asm-util-9.7.jar;c:\Users\German Velasco\.vscode\extensions\vmware.vscode-spring-boot-1.56.0\language-server\BOOT-INF\lib\caffeine-3.1.8.jar;c:\Users\German Velasco\.vscode\extensions\vmware.vscode-spring-boot-1.56.0\language-server\BOOT-INF\lib\checker-qual-3.12.0.jar;c:\Users\German Velasco\.vscode\extensions\vmware.vscode-spring-boot-1.56.0\language-server\BOOT-INF\lib\classgraph-4.8.149.jar;c:\Users\German Velasco\.vscode\extensions\vmware.vscode-spring-boot-1.56.0\language-server\BOOT-INF\lib\commons-codec-1.16.1.jar;c:\Users\German Velasco\.vscode\extensions\vmware.vscode-spring-boot-1.56.0\language-server\BOOT-INF\lib\commons-compress-1.26.2.jar;c:\Users\German Velasco\.vscode\extensions\vmware.vscode-spring-boot-1.56.0\language-server\BOOT-INF\lib\commons-io-2.16.1.jar;c:\Users\German Velasco\.vscode\extensions\vmware.vscode-spring-boot-1.56.0\language-server\BOOT-INF\lib\commons-java-1.56.0-SNAPSHOT.jar;c:\Users\German Velasco\.vscode\extensions\vmware.vscode-spring-boot-1.56.0\language-server\BOOT-INF\lib\commons-lang3-3.14.0.jar;c:\Users\German Velasco\.vscode\extensions\vmware.vscode-spring-boot-1.56.0\l
Launcher Type: SUN_STANDARD

[Global flags]
     intx CICompilerCount                          = 4                                         {product} {ergonomic}
     uint ConcGCThreads                            = 2                                         {product} {ergonomic}
     uint G1ConcRefinementThreads                  = 8                                         {product} {ergonomic}
   size_t G1HeapRegionSize                         = 1048576                                   {product} {ergonomic}
    uintx GCDrainStackTargetSize                   = 64                                        {product} {ergonomic}
   size_t InitialHeapSize                          = 132120576                                 {product} {ergonomic}
   size_t MarkStackSize                            = 4194304                                   {product} {ergonomic}
   size_t MaxHeapSize                              = 1073741824                                {product} {command line}
   size_t MaxNewSize                               = 643825664                                 {product} {ergonomic}
   size_t MinHeapDeltaBytes                        = 1048576                                   {product} {ergonomic}
   size_t MinHeapSize                              = 8388608                                   {product} {ergonomic}
    uintx NonProfiledCodeHeapSize                  = 0                                      {pd product} {ergonomic}
     bool ProfileInterpreter                       = false                                  {pd product} {command line}
    uintx ProfiledCodeHeapSize                     = 0                                      {pd product} {ergonomic}
   size_t SoftMaxHeapSize                          = 1073741824                             {manageable} {ergonomic}
     intx TieredStopAtLevel                        = 1                                         {product} {command line}
     bool UseCompressedClassPointers               = true                           {product lp64_product} {ergonomic}
     bool UseCompressedOops                        = true                           {product lp64_product} {ergonomic}
     bool UseG1GC                                  = true                                      {product} {ergonomic}
     bool UseLargePagesIndividualAllocation        = false                                  {pd product} {ergonomic}

Logging:
Log output configuration:
 #0: stdout all=warning,jni+resolve=off uptime,level,tags
 #1: stderr all=off uptime,level,tags

Environment Variables:
JAVA_HOME=C:\Program Files\Java\jdk-17
PATH=C:\Users\German Velasco\AppData\Local\cloud-code\installer\google-cloud-sdk\bin;C:\Program Files (x86)\Common Files\Oracle\Java\java8path;C:\Program Files (x86)\Common Files\Oracle\Java\javapath;C:\windows\system32;C:\windows;C:\windows\System32\Wbem;C:\windows\System32\WindowsPowerShell\v1.0\;C:\windows\System32\OpenSSH\;C:\Program Files (x86)\NVIDIA Corporation\PhysX\Common;C:\Program Files\NVIDIA Corporation\NVIDIA NvDLISR;C:\WINDOWS\system32;C:\WINDOWS;C:\WINDOWS\System32\Wbem;C:\WINDOWS\System32\WindowsPowerShell\v1.0\;C:\WINDOWS\System32\OpenSSH\;C:\Program Files\Git\cmd;C:\Program Files\Docker\Docker\resources\bin;C:\Program Files\Microsoft SQL Server\150\Tools\Binn\;C:\Program Files\Microsoft SQL Server\130\Tools\Binn\;C:\Program Files\Microsoft SQL Server\Client SDK\ODBC\170\Tools\Binn\;%JAVA_HOME%\bin;%MAVEN_HOME%\bin;C:\Program Files\nodejs\;C:\Program Files\dotnet\;C:\Program Files\MySQL\MySQL Shell 8.0\bin\;C:\Users\German Velasco\AppData\Local\Microsoft\WindowsApps;C:\Users\German Velasco\AppData\Local\GitHubDesktop\bin;C:\Users\German Velasco\AppData\Local\Programs\Microsoft VS Code\bin;C:\Users\German Velasco\.dotnet\tools;C:\Maven\apache-maven-3.9.7\bin;C:\Program Files\Java\jdk-17\bin;C:\Users\German Velasco\AppData\Roaming\npm;C:\Users\German Velasco\AppData\Local\Google\Cloud SDK\google-cloud-sdk\bin;C:\Program Files (x86)\Google\Cloud SDK\google-cloud-sdk\bin;C:\Program Files\Google\Cloud SDK\google-cloud-sdk\bin
USERNAME=German Velasco
OS=Windows_NT
PROCESSOR_IDENTIFIER=Intel64 Family 6 Model 165 Stepping 2, GenuineIntel
TMP=C:\Users\GERMAN~1\AppData\Local\Temp
TEMP=C:\Users\GERMAN~1\AppData\Local\Temp



Periodic native trim disabled


---------------  S Y S T E M  ---------------

OS:
 Windows 11 , 64 bit Build 22621 (10.0.22621.3672)
OS uptime: 14 days 2:12 hours
Hyper-V role detected

CPU: total 8 (initial active 8) (4 cores per cpu, 2 threads per core) family 6 model 165 stepping 2 microcode 0xf0, cx8, cmov, fxsr, ht, mmx, 3dnowpref, sse, sse2, sse3, ssse3, sse4.1, sse4.2, popcnt, lzcnt, tsc, tscinvbit, avx, avx2, aes, erms, clmul, bmi1, bmi2, adx, fma, vzeroupper, clflush, clflushopt, hv
Processor Information for all 8 processors :
  Max Mhz: 2496, Current Mhz: 2496, Mhz Limit: 2496

Memory: 4k page, system-wide physical 7968M (202M free)
TotalPageFile size 32557M (AvailPageFile size 0M)
current process WorkingSet (physical memory assigned to process): 181M, peak: 181M
current process commit charge ("private bytes"): 220M, peak: 233M

vm_info: OpenJDK 64-Bit Server VM (17.0.11+9) for windows-amd64 JRE (17.0.11+9), built on Apr 17 2024 06:07:48 by "admin" with MS VC++ 16.10 / 16.11 (VS2019)

END.
